SF:lib/application/palindrome_service.dart
DA:11,1
DA:12,1
DA:17,2
DA:20,4
DA:21,6
LF:5
LH:5
end_of_record
SF:lib/application/user_service.dart
DA:7,1
DA:9,1
DA:13,2
DA:18,2
DA:20,1
LF:5
LH:5
end_of_record
SF:lib/data/entities/user_response_entity.dart
DA:20,0
DA:21,0
LF:2
LH:0
end_of_record
SF:lib/data/entities/user_response_entity.g.dart
DA:9,0
DA:11,0
DA:12,0
DA:13,0
DA:14,0
DA:15,0
DA:16,0
DA:17,0
DA:18,0
DA:21,0
DA:23,0
DA:24,0
DA:25,0
DA:26,0
DA:27,0
DA:28,0
LF:16
LH:0
end_of_record
SF:lib/data/repositories/user_repository.dart
DA:7,0
DA:9,0
DA:13,0
DA:14,0
DA:17,0
LF:5
LH:0
end_of_record
SF:lib/domain/models/user_model.dart
DA:18,0
DA:19,0
LF:2
LH:0
end_of_record
SF:lib/domain/models/user_model.g.dart
DA:9,0
DA:10,0
DA:11,0
DA:12,0
DA:13,0
DA:14,0
DA:15,0
DA:18,0
DA:19,0
DA:20,0
DA:21,0
DA:22,0
DA:23,0
DA:24,0
LF:14
LH:0
end_of_record
SF:lib/data/datasources/user_api_client.dart
DA:4,0
DA:5,0
DA:11,0
LF:3
LH:0
end_of_record
